<?xml version="1.0" encoding="UTF-8"?>
<testng-results skipped="0" failed="0" total="0" passed="0">
  <reporter-output>
  </reporter-output>
  <suite name="com.qtpselenium.core.hybrid.AppTest" duration-ms="5" started-at="2018-01-18T16:57:45Z" finished-at="2018-01-18T16:57:45Z">
    <groups>
    </groups>
    <test name="Command line test" duration-ms="5" started-at="2018-01-18T16:57:45Z" finished-at="2018-01-18T16:57:45Z">
    </test> <!-- Command line test -->
  </suite> <!-- com.qtpselenium.core.hybrid.AppTest -->
</testng-results>
